  [1m[36m (27.5ms)[0m  [1mCREATE TABLE `schema_migrations` (`version` varchar(255) NOT NULL) ENGINE=InnoDB[0m
  [1m[35m (185.4ms)[0m  CREATE UNIQUE INDEX `unique_schema_migrations`  ON `schema_migrations` (`version`) 
  [1m[36mActiveRecord::SchemaMigration Load (1.0ms)[0m  [1mSELECT `schema_migrations`.* FROM `schema_migrations`[0m
Migrating to DeviseCreateUsers (20150411153126)
DEPRECATION WARNING: `#timestamp` was called without specifying an option for `null`. In Rails 5, this behavior will change to `null: false`. You should manually specify `null: true` to prevent the behavior of your existing migrations from changing. (called from block in change at /home/dominic/E-Services/db/migrate/20150411153126_devise_create_users.rb:34)
  [1m[35m (8.6ms)[0m  CREATE TABLE `users` (`id` int(11) auto_increment PRIMARY KEY, `email` varchar(255) DEFAULT '' NOT NULL, `encrypted_password` varchar(255) DEFAULT '' NOT NULL, `reset_password_token` varchar(255), `reset_password_sent_at` datetime, `remember_created_at` datetime, `sign_in_count` int(11) DEFAULT 0 NOT NULL, `current_sign_in_at` datetime, `last_sign_in_at` datetime, `current_sign_in_ip` varchar(255), `last_sign_in_ip` varchar(255), `created_at` datetime, `updated_at` datetime) ENGINE=InnoDB
  [1m[36m (132.3ms)[0m  [1mCREATE UNIQUE INDEX `index_users_on_email`  ON `users` (`email`) [0m
  [1m[35m (13.0ms)[0m  CREATE UNIQUE INDEX `index_users_on_reset_password_token`  ON `users` (`reset_password_token`) 
  [1m[36m (0.2ms)[0m  [1mBEGIN[0m
  [1m[35mSQL (0.2ms)[0m  INSERT INTO `schema_migrations` (`version`) VALUES ('20150411153126')
  [1m[36m (4.1ms)[0m  [1mCOMMIT[0m
  [1m[35mActiveRecord::SchemaMigration Load (0.3ms)[0m  SELECT `schema_migrations`.* FROM `schema_migrations`
  [1m[36m (0.3ms)[0m  [1mSELECT fk.referenced_table_name as 'to_table'
      ,fk.referenced_column_name as 'primary_key'
      ,fk.column_name as 'column'
      ,fk.constraint_name as 'name'
FROM information_schema.key_column_usage fk
WHERE fk.referenced_column_name is not null
  AND fk.table_schema = 'e-services_development'
  AND fk.table_name = 'users'
[0m
  [1m[35m (0.3ms)[0m  SHOW CREATE TABLE `users`


Started GET "/users/sign_up" for 127.0.0.1 at 2015-04-11 17:31:59 +0200
  [1m[36mActiveRecord::SchemaMigration Load (0.2ms)[0m  [1mSELECT `schema_migrations`.* FROM `schema_migrations`[0m
Processing by Devise::RegistrationsController#new as HTML
  Rendered /home/dominic/.rvm/gems/ruby-2.2.1/gems/devise-3.4.1/app/views/devise/shared/_links.html.erb (4.9ms)
  Rendered /home/dominic/.rvm/gems/ruby-2.2.1/gems/devise-3.4.1/app/views/devise/registrations/new.html.erb within layouts/application (41.9ms)
Completed 200 OK in 593ms (Views: 567.0ms | ActiveRecord: 1.0ms)


Started GET "/assets/application-5266d2988799ecc8fe6e81eaab412e7d.css?body=1" for 127.0.0.1 at 2015-04-11 17:32:00 +0200


Started GET "/assets/turbolinks-f87b3583ca50adb0488b031297f5580d.js?body=1" for 127.0.0.1 at 2015-04-11 17:32:00 +0200


Started GET "/assets/jquery-87424c3c19e96d4fb033c10ebe21ec40.js?body=1" for 127.0.0.1 at 2015-04-11 17:32:00 +0200


Started GET "/assets/jquery_ujs-e27bd20a10d28155845a22d71ef94f2f.js?body=1" for 127.0.0.1 at 2015-04-11 17:32:00 +0200


Started GET "/assets/application-bc105cf26f847567b5eae624a793b626.js?body=1" for 127.0.0.1 at 2015-04-11 17:32:00 +0200


Started POST "/users" for 127.0.0.1 at 2015-04-11 17:32:33 +0200
Processing by Devise::RegistrationsController#create as HTML
  Parameters: {"utf8"=>"✓", "authenticity_token"=>"vs/jA/q8a09P8GYwUq6R6SF6IROyT/NG4/fV3cOl4zaVcupfeih5imCypBMDWw/5RtXRvhD+pUZWJtJTZeevzA==", "user"=>{"email"=>"dr@service.de", "password"=>"[FILTERED]", "password_confirmation"=>"[FILTERED]"}, "commit"=>"Sign up"}
  [1m[35m (0.3ms)[0m  BEGIN
  [1m[36mUser Exists (0.3ms)[0m  [1mSELECT  1 AS one FROM `users` WHERE `users`.`email` = BINARY 'dr@service.de' LIMIT 1[0m
  [1m[35mSQL (6.4ms)[0m  INSERT INTO `users` (`email`, `encrypted_password`, `created_at`, `updated_at`) VALUES ('dr@service.de', '$2a$10$2A9tBxL3OaqAuvw7rQ2Ku.ggrjsJsrB54qX7TZN4CdL3zBYglWRGG', '2015-04-11 15:32:33.463547', '2015-04-11 15:32:33.463547')
  [1m[36m (0.9ms)[0m  [1mCOMMIT[0m
  [1m[35m (0.1ms)[0m  BEGIN
  [1m[36mSQL (0.3ms)[0m  [1mUPDATE `users` SET `last_sign_in_at` = '2015-04-11 15:32:33.473242', `current_sign_in_at` = '2015-04-11 15:32:33.473242', `last_sign_in_ip` = '127.0.0.1', `current_sign_in_ip` = '127.0.0.1', `sign_in_count` = 1, `updated_at` = '2015-04-11 15:32:33.474104' WHERE `users`.`id` = 1[0m
  [1m[35m (1.5ms)[0m  COMMIT
Redirected to http://localhost:3000/
Completed 302 Found in 121ms (ActiveRecord: 10.0ms)


Started GET "/" for 127.0.0.1 at 2015-04-11 17:32:33 +0200
Processing by Rails::WelcomeController#index as HTML
  Rendered /home/dominic/.rvm/gems/ruby-2.2.1/gems/railties-4.2.0/lib/rails/templates/rails/welcome/index.html.erb (0.5ms)
Completed 200 OK in 12ms (Views: 11.5ms | ActiveRecord: 0.0ms)


Started GET "/" for 127.0.0.1 at 2015-04-11 17:35:46 +0200

ActionController::RoutingError (uninitialized constant WelcomeController):
  activesupport (4.2.0) lib/active_support/inflector/methods.rb:261:in `const_get'
  activesupport (4.2.0) lib/active_support/inflector/methods.rb:261:in `block in constantize'
  activesupport (4.2.0) lib/active_support/inflector/methods.rb:259:in `each'
  activesupport (4.2.0) lib/active_support/inflector/methods.rb:259:in `inject'
  activesupport (4.2.0) lib/active_support/inflector/methods.rb:259:in `constantize'
  actionpack (4.2.0) lib/action_dispatch/routing/route_set.rb:69:in `controller_reference'
  actionpack (4.2.0) lib/action_dispatch/routing/route_set.rb:59:in `controller'
  actionpack (4.2.0) lib/action_dispatch/routing/route_set.rb:38:in `serve'
  actionpack (4.2.0) lib/action_dispatch/journey/router.rb:43:in `block in serve'
  actionpack (4.2.0) lib/action_dispatch/journey/router.rb:30:in `each'
  actionpack (4.2.0) lib/action_dispatch/journey/router.rb:30:in `serve'
  actionpack (4.2.0) lib/action_dispatch/routing/route_set.rb:802:in `call'
  warden (1.2.3) lib/warden/manager.rb:35:in `block in call'
  warden (1.2.3) lib/warden/manager.rb:34:in `catch'
  warden (1.2.3) lib/warden/manager.rb:34:in `call'
  rack (1.6.0) lib/rack/etag.rb:24:in `call'
  rack (1.6.0) lib/rack/conditionalget.rb:25:in `call'
  rack (1.6.0) lib/rack/head.rb:13:in `call'
  actionpack (4.2.0) lib/action_dispatch/middleware/params_parser.rb:27:in `call'
  actionpack (4.2.0) lib/action_dispatch/middleware/flash.rb:260:in `call'
  rack (1.6.0) lib/rack/session/abstract/id.rb:225:in `context'
  rack (1.6.0) lib/rack/session/abstract/id.rb:220:in `call'
  actionpack (4.2.0) lib/action_dispatch/middleware/cookies.rb:560:in `call'
  activerecord (4.2.0) lib/active_record/query_cache.rb:36:in `call'
  activerecord (4.2.0) lib/active_record/connection_adapters/abstract/connection_pool.rb:647:in `call'
  activerecord (4.2.0) lib/active_record/migration.rb:378:in `call'
  actionpack (4.2.0) lib/action_dispatch/middleware/callbacks.rb:29:in `block in call'
  activesupport (4.2.0) lib/active_support/callbacks.rb:88:in `call'
  activesupport (4.2.0) lib/active_support/callbacks.rb:88:in `_run_callbacks'
  activesupport (4.2.0) lib/active_support/callbacks.rb:734:in `_run_call_callbacks'
  activesupport (4.2.0) lib/active_support/callbacks.rb:81:in `run_callbacks'
  actionpack (4.2.0) lib/action_dispatch/middleware/callbacks.rb:27:in `call'
  actionpack (4.2.0) lib/action_dispatch/middleware/reloader.rb:73:in `call'
  actionpack (4.2.0) lib/action_dispatch/middleware/remote_ip.rb:78:in `call'
  actionpack (4.2.0) lib/action_dispatch/middleware/debug_exceptions.rb:17:in `call'
  web-console (2.1.2) lib/web_console/middleware.rb:37:in `call'
  actionpack (4.2.0) lib/action_dispatch/middleware/show_exceptions.rb:30:in `call'
  railties (4.2.0) lib/rails/rack/logger.rb:38:in `call_app'
  railties (4.2.0) lib/rails/rack/logger.rb:20:in `block in call'
  activesupport (4.2.0) lib/active_support/tagged_logging.rb:68:in `block in tagged'
  activesupport (4.2.0) lib/active_support/tagged_logging.rb:26:in `tagged'
  activesupport (4.2.0) lib/active_support/tagged_logging.rb:68:in `tagged'
  railties (4.2.0) lib/rails/rack/logger.rb:20:in `call'
  actionpack (4.2.0) lib/action_dispatch/middleware/request_id.rb:21:in `call'
  rack (1.6.0) lib/rack/methodoverride.rb:22:in `call'
  rack (1.6.0) lib/rack/runtime.rb:18:in `call'
  activesupport (4.2.0) lib/active_support/cache/strategy/local_cache_middleware.rb:28:in `call'
  rack (1.6.0) lib/rack/lock.rb:17:in `call'
  actionpack (4.2.0) lib/action_dispatch/middleware/static.rb:113:in `call'
  rack (1.6.0) lib/rack/sendfile.rb:113:in `call'
  railties (4.2.0) lib/rails/engine.rb:518:in `call'
  railties (4.2.0) lib/rails/application.rb:164:in `call'
  rack (1.6.0) lib/rack/lock.rb:17:in `call'
  rack (1.6.0) lib/rack/content_length.rb:15:in `call'
  rack (1.6.0) lib/rack/handler/webrick.rb:89:in `service'
  /home/dominic/.rvm/rubies/ruby-2.2.1/lib/ruby/2.2.0/webrick/httpserver.rb:138:in `service'
  /home/dominic/.rvm/rubies/ruby-2.2.1/lib/ruby/2.2.0/webrick/httpserver.rb:94:in `run'
  /home/dominic/.rvm/rubies/ruby-2.2.1/lib/ruby/2.2.0/webrick/server.rb:294:in `block in start_thread'


  Rendered /home/dominic/.rvm/gems/ruby-2.2.1/gems/actionpack-4.2.0/lib/action_dispatch/middleware/templates/rescues/_trace.html.erb (5.2ms)
  Rendered /home/dominic/.rvm/gems/ruby-2.2.1/gems/actionpack-4.2.0/lib/action_dispatch/middleware/templates/routes/_route.html.erb (1.0ms)
  Rendered /home/dominic/.rvm/gems/ruby-2.2.1/gems/actionpack-4.2.0/lib/action_dispatch/middleware/templates/routes/_table.html.erb (5.3ms)
  Rendered /home/dominic/.rvm/gems/ruby-2.2.1/gems/actionpack-4.2.0/lib/action_dispatch/middleware/templates/rescues/_request_and_response.html.erb (0.8ms)
  Rendered /home/dominic/.rvm/gems/ruby-2.2.1/gems/actionpack-4.2.0/lib/action_dispatch/middleware/templates/rescues/routing_error.html.erb within rescues/layout (33.1ms)
  Rendered /home/dominic/.rvm/gems/ruby-2.2.1/gems/web-console-2.1.2/lib/web_console/templates/_markup.html.erb (0.4ms)
  Rendered /home/dominic/.rvm/gems/ruby-2.2.1/gems/web-console-2.1.2/lib/web_console/templates/style.css.erb within layouts/inlined_string (0.3ms)
  Rendered /home/dominic/.rvm/gems/ruby-2.2.1/gems/web-console-2.1.2/lib/web_console/templates/_inner_console_markup.html.erb within layouts/inlined_string (0.1ms)
  Rendered /home/dominic/.rvm/gems/ruby-2.2.1/gems/web-console-2.1.2/lib/web_console/templates/_prompt_box_markup.html.erb within layouts/inlined_string (0.3ms)
  Rendered /home/dominic/.rvm/gems/ruby-2.2.1/gems/web-console-2.1.2/lib/web_console/templates/console.js.erb within layouts/javascript (13.5ms)
  Rendered /home/dominic/.rvm/gems/ruby-2.2.1/gems/web-console-2.1.2/lib/web_console/templates/main.js.erb within layouts/javascript (0.3ms)
  Rendered /home/dominic/.rvm/gems/ruby-2.2.1/gems/web-console-2.1.2/lib/web_console/templates/error_page.js.erb within layouts/javascript (0.3ms)
  Rendered /home/dominic/.rvm/gems/ruby-2.2.1/gems/web-console-2.1.2/lib/web_console/templates/index.html.erb (28.6ms)


Started GET "/" for 127.0.0.1 at 2015-04-11 17:42:04 +0200
Processing by WelcomeController#index as HTML
  [1m[36mUser Load (0.2ms)[0m  [1mSELECT  `users`.* FROM `users` WHERE `users`.`id` = 1  ORDER BY `users`.`id` ASC LIMIT 1[0m
  Rendered welcome/index.html.erb within layouts/application (0.2ms)
Completed 200 OK in 134ms (Views: 125.1ms | ActiveRecord: 1.4ms)


Started GET "/assets/welcome-64e62ddc273c2f5847f30d698ca14b67.css?body=1" for 127.0.0.1 at 2015-04-11 17:42:04 +0200


Started GET "/assets/application-001948a807d6467a657420955d9f0c1c.js?body=1" for 127.0.0.1 at 2015-04-11 17:42:04 +0200


Started GET "/assets/welcome-fcec5b5a277ac7c20cc9f45a209a3bcd.js?body=1" for 127.0.0.1 at 2015-04-11 17:42:04 +0200


Started GET "/users/sign_out" for 127.0.0.1 at 2015-04-11 17:42:19 +0200

ActionController::RoutingError (No route matches [GET] "/users/sign_out"):
  actionpack (4.2.0) lib/action_dispatch/middleware/debug_exceptions.rb:21:in `call'
  web-console (2.1.2) lib/web_console/middleware.rb:37:in `call'
  actionpack (4.2.0) lib/action_dispatch/middleware/show_exceptions.rb:30:in `call'
  railties (4.2.0) lib/rails/rack/logger.rb:38:in `call_app'
  railties (4.2.0) lib/rails/rack/logger.rb:20:in `block in call'
  activesupport (4.2.0) lib/active_support/tagged_logging.rb:68:in `block in tagged'
  activesupport (4.2.0) lib/active_support/tagged_logging.rb:26:in `tagged'
  activesupport (4.2.0) lib/active_support/tagged_logging.rb:68:in `tagged'
  railties (4.2.0) lib/rails/rack/logger.rb:20:in `call'
  actionpack (4.2.0) lib/action_dispatch/middleware/request_id.rb:21:in `call'
  rack (1.6.0) lib/rack/methodoverride.rb:22:in `call'
  rack (1.6.0) lib/rack/runtime.rb:18:in `call'
  activesupport (4.2.0) lib/active_support/cache/strategy/local_cache_middleware.rb:28:in `call'
  rack (1.6.0) lib/rack/lock.rb:17:in `call'
  actionpack (4.2.0) lib/action_dispatch/middleware/static.rb:113:in `call'
  rack (1.6.0) lib/rack/sendfile.rb:113:in `call'
  railties (4.2.0) lib/rails/engine.rb:518:in `call'
  railties (4.2.0) lib/rails/application.rb:164:in `call'
  rack (1.6.0) lib/rack/lock.rb:17:in `call'
  rack (1.6.0) lib/rack/content_length.rb:15:in `call'
  rack (1.6.0) lib/rack/handler/webrick.rb:89:in `service'
  /home/dominic/.rvm/rubies/ruby-2.2.1/lib/ruby/2.2.0/webrick/httpserver.rb:138:in `service'
  /home/dominic/.rvm/rubies/ruby-2.2.1/lib/ruby/2.2.0/webrick/httpserver.rb:94:in `run'
  /home/dominic/.rvm/rubies/ruby-2.2.1/lib/ruby/2.2.0/webrick/server.rb:294:in `block in start_thread'


  Rendered /home/dominic/.rvm/gems/ruby-2.2.1/gems/actionpack-4.2.0/lib/action_dispatch/middleware/templates/rescues/_trace.html.erb (1.0ms)
  Rendered /home/dominic/.rvm/gems/ruby-2.2.1/gems/actionpack-4.2.0/lib/action_dispatch/middleware/templates/routes/_route.html.erb (1.0ms)
  Rendered /home/dominic/.rvm/gems/ruby-2.2.1/gems/actionpack-4.2.0/lib/action_dispatch/middleware/templates/routes/_table.html.erb (0.8ms)
  Rendered /home/dominic/.rvm/gems/ruby-2.2.1/gems/actionpack-4.2.0/lib/action_dispatch/middleware/templates/rescues/_request_and_response.html.erb (1.4ms)
  Rendered /home/dominic/.rvm/gems/ruby-2.2.1/gems/actionpack-4.2.0/lib/action_dispatch/middleware/templates/rescues/routing_error.html.erb within rescues/layout (18.1ms)
  Rendered /home/dominic/.rvm/gems/ruby-2.2.1/gems/web-console-2.1.2/lib/web_console/templates/_markup.html.erb (0.5ms)
  Rendered /home/dominic/.rvm/gems/ruby-2.2.1/gems/web-console-2.1.2/lib/web_console/templates/style.css.erb within layouts/inlined_string (0.2ms)
  Rendered /home/dominic/.rvm/gems/ruby-2.2.1/gems/web-console-2.1.2/lib/web_console/templates/_inner_console_markup.html.erb within layouts/inlined_string (0.2ms)
  Rendered /home/dominic/.rvm/gems/ruby-2.2.1/gems/web-console-2.1.2/lib/web_console/templates/_prompt_box_markup.html.erb within layouts/inlined_string (0.2ms)
  Rendered /home/dominic/.rvm/gems/ruby-2.2.1/gems/web-console-2.1.2/lib/web_console/templates/console.js.erb within layouts/javascript (10.5ms)
  Rendered /home/dominic/.rvm/gems/ruby-2.2.1/gems/web-console-2.1.2/lib/web_console/templates/main.js.erb within layouts/javascript (0.2ms)
  Rendered /home/dominic/.rvm/gems/ruby-2.2.1/gems/web-console-2.1.2/lib/web_console/templates/error_page.js.erb within layouts/javascript (0.0ms)
  Rendered /home/dominic/.rvm/gems/ruby-2.2.1/gems/web-console-2.1.2/lib/web_console/templates/index.html.erb (21.4ms)


Started GET "/users/logout" for 127.0.0.1 at 2015-04-11 17:43:13 +0200

ActionController::RoutingError (No route matches [GET] "/users/logout"):
  actionpack (4.2.0) lib/action_dispatch/middleware/debug_exceptions.rb:21:in `call'
  web-console (2.1.2) lib/web_console/middleware.rb:37:in `call'
  actionpack (4.2.0) lib/action_dispatch/middleware/show_exceptions.rb:30:in `call'
  railties (4.2.0) lib/rails/rack/logger.rb:38:in `call_app'
  railties (4.2.0) lib/rails/rack/logger.rb:20:in `block in call'
  activesupport (4.2.0) lib/active_support/tagged_logging.rb:68:in `block in tagged'
  activesupport (4.2.0) lib/active_support/tagged_logging.rb:26:in `tagged'
  activesupport (4.2.0) lib/active_support/tagged_logging.rb:68:in `tagged'
  railties (4.2.0) lib/rails/rack/logger.rb:20:in `call'
  actionpack (4.2.0) lib/action_dispatch/middleware/request_id.rb:21:in `call'
  rack (1.6.0) lib/rack/methodoverride.rb:22:in `call'
  rack (1.6.0) lib/rack/runtime.rb:18:in `call'
  activesupport (4.2.0) lib/active_support/cache/strategy/local_cache_middleware.rb:28:in `call'
  rack (1.6.0) lib/rack/lock.rb:17:in `call'
  actionpack (4.2.0) lib/action_dispatch/middleware/static.rb:113:in `call'
  rack (1.6.0) lib/rack/sendfile.rb:113:in `call'
  railties (4.2.0) lib/rails/engine.rb:518:in `call'
  railties (4.2.0) lib/rails/application.rb:164:in `call'
  rack (1.6.0) lib/rack/lock.rb:17:in `call'
  rack (1.6.0) lib/rack/content_length.rb:15:in `call'
  rack (1.6.0) lib/rack/handler/webrick.rb:89:in `service'
  /home/dominic/.rvm/rubies/ruby-2.2.1/lib/ruby/2.2.0/webrick/httpserver.rb:138:in `service'
  /home/dominic/.rvm/rubies/ruby-2.2.1/lib/ruby/2.2.0/webrick/httpserver.rb:94:in `run'
  /home/dominic/.rvm/rubies/ruby-2.2.1/lib/ruby/2.2.0/webrick/server.rb:294:in `block in start_thread'


  Rendered /home/dominic/.rvm/gems/ruby-2.2.1/gems/actionpack-4.2.0/lib/action_dispatch/middleware/templates/rescues/_trace.html.erb (1.0ms)
  Rendered /home/dominic/.rvm/gems/ruby-2.2.1/gems/actionpack-4.2.0/lib/action_dispatch/middleware/templates/routes/_route.html.erb (1.1ms)
  Rendered /home/dominic/.rvm/gems/ruby-2.2.1/gems/actionpack-4.2.0/lib/action_dispatch/middleware/templates/routes/_table.html.erb (0.8ms)
  Rendered /home/dominic/.rvm/gems/ruby-2.2.1/gems/actionpack-4.2.0/lib/action_dispatch/middleware/templates/rescues/_request_and_response.html.erb (1.0ms)
  Rendered /home/dominic/.rvm/gems/ruby-2.2.1/gems/actionpack-4.2.0/lib/action_dispatch/middleware/templates/rescues/routing_error.html.erb within rescues/layout (17.5ms)
  Rendered /home/dominic/.rvm/gems/ruby-2.2.1/gems/web-console-2.1.2/lib/web_console/templates/_markup.html.erb (1.6ms)
  Rendered /home/dominic/.rvm/gems/ruby-2.2.1/gems/web-console-2.1.2/lib/web_console/templates/style.css.erb within layouts/inlined_string (0.2ms)
  Rendered /home/dominic/.rvm/gems/ruby-2.2.1/gems/web-console-2.1.2/lib/web_console/templates/_inner_console_markup.html.erb within layouts/inlined_string (0.2ms)
  Rendered /home/dominic/.rvm/gems/ruby-2.2.1/gems/web-console-2.1.2/lib/web_console/templates/_prompt_box_markup.html.erb within layouts/inlined_string (0.2ms)
  Rendered /home/dominic/.rvm/gems/ruby-2.2.1/gems/web-console-2.1.2/lib/web_console/templates/console.js.erb within layouts/javascript (9.5ms)
  Rendered /home/dominic/.rvm/gems/ruby-2.2.1/gems/web-console-2.1.2/lib/web_console/templates/main.js.erb within layouts/javascript (0.1ms)
  Rendered /home/dominic/.rvm/gems/ruby-2.2.1/gems/web-console-2.1.2/lib/web_console/templates/error_page.js.erb within layouts/javascript (0.3ms)
  Rendered /home/dominic/.rvm/gems/ruby-2.2.1/gems/web-console-2.1.2/lib/web_console/templates/index.html.erb (19.7ms)


Started GET "/users/sign_out" for 127.0.0.1 at 2015-04-11 17:44:05 +0200

ActionController::RoutingError (No route matches [GET] "/users/sign_out"):
  actionpack (4.2.0) lib/action_dispatch/middleware/debug_exceptions.rb:21:in `call'
  web-console (2.1.2) lib/web_console/middleware.rb:37:in `call'
  actionpack (4.2.0) lib/action_dispatch/middleware/show_exceptions.rb:30:in `call'
  railties (4.2.0) lib/rails/rack/logger.rb:38:in `call_app'
  railties (4.2.0) lib/rails/rack/logger.rb:20:in `block in call'
  activesupport (4.2.0) lib/active_support/tagged_logging.rb:68:in `block in tagged'
  activesupport (4.2.0) lib/active_support/tagged_logging.rb:26:in `tagged'
  activesupport (4.2.0) lib/active_support/tagged_logging.rb:68:in `tagged'
  railties (4.2.0) lib/rails/rack/logger.rb:20:in `call'
  actionpack (4.2.0) lib/action_dispatch/middleware/request_id.rb:21:in `call'
  rack (1.6.0) lib/rack/methodoverride.rb:22:in `call'
  rack (1.6.0) lib/rack/runtime.rb:18:in `call'
  activesupport (4.2.0) lib/active_support/cache/strategy/local_cache_middleware.rb:28:in `call'
  rack (1.6.0) lib/rack/lock.rb:17:in `call'
  actionpack (4.2.0) lib/action_dispatch/middleware/static.rb:113:in `call'
  rack (1.6.0) lib/rack/sendfile.rb:113:in `call'
  railties (4.2.0) lib/rails/engine.rb:518:in `call'
  railties (4.2.0) lib/rails/application.rb:164:in `call'
  rack (1.6.0) lib/rack/lock.rb:17:in `call'
  rack (1.6.0) lib/rack/content_length.rb:15:in `call'
  rack (1.6.0) lib/rack/handler/webrick.rb:89:in `service'
  /home/dominic/.rvm/rubies/ruby-2.2.1/lib/ruby/2.2.0/webrick/httpserver.rb:138:in `service'
  /home/dominic/.rvm/rubies/ruby-2.2.1/lib/ruby/2.2.0/webrick/httpserver.rb:94:in `run'
  /home/dominic/.rvm/rubies/ruby-2.2.1/lib/ruby/2.2.0/webrick/server.rb:294:in `block in start_thread'


  Rendered /home/dominic/.rvm/gems/ruby-2.2.1/gems/actionpack-4.2.0/lib/action_dispatch/middleware/templates/rescues/_trace.html.erb (0.9ms)
  Rendered /home/dominic/.rvm/gems/ruby-2.2.1/gems/actionpack-4.2.0/lib/action_dispatch/middleware/templates/routes/_route.html.erb (0.9ms)
  Rendered /home/dominic/.rvm/gems/ruby-2.2.1/gems/actionpack-4.2.0/lib/action_dispatch/middleware/templates/routes/_table.html.erb (1.0ms)
  Rendered /home/dominic/.rvm/gems/ruby-2.2.1/gems/actionpack-4.2.0/lib/action_dispatch/middleware/templates/rescues/_request_and_response.html.erb (0.8ms)
  Rendered /home/dominic/.rvm/gems/ruby-2.2.1/gems/actionpack-4.2.0/lib/action_dispatch/middleware/templates/rescues/routing_error.html.erb within rescues/layout (18.5ms)
  Rendered /home/dominic/.rvm/gems/ruby-2.2.1/gems/web-console-2.1.2/lib/web_console/templates/_markup.html.erb (0.3ms)
  Rendered /home/dominic/.rvm/gems/ruby-2.2.1/gems/web-console-2.1.2/lib/web_console/templates/style.css.erb within layouts/inlined_string (0.2ms)
  Rendered /home/dominic/.rvm/gems/ruby-2.2.1/gems/web-console-2.1.2/lib/web_console/templates/_inner_console_markup.html.erb within layouts/inlined_string (0.2ms)
  Rendered /home/dominic/.rvm/gems/ruby-2.2.1/gems/web-console-2.1.2/lib/web_console/templates/_prompt_box_markup.html.erb within layouts/inlined_string (0.3ms)
  Rendered /home/dominic/.rvm/gems/ruby-2.2.1/gems/web-console-2.1.2/lib/web_console/templates/console.js.erb within layouts/javascript (14.3ms)
  Rendered /home/dominic/.rvm/gems/ruby-2.2.1/gems/web-console-2.1.2/lib/web_console/templates/main.js.erb within layouts/javascript (1.2ms)
  Rendered /home/dominic/.rvm/gems/ruby-2.2.1/gems/web-console-2.1.2/lib/web_console/templates/error_page.js.erb within layouts/javascript (0.2ms)
  Rendered /home/dominic/.rvm/gems/ruby-2.2.1/gems/web-console-2.1.2/lib/web_console/templates/index.html.erb (24.9ms)


Started GET "/" for 127.0.0.1 at 2015-04-11 17:44:10 +0200
Processing by WelcomeController#index as HTML
  [1m[35mUser Load (0.3ms)[0m  SELECT  `users`.* FROM `users` WHERE `users`.`id` = 1  ORDER BY `users`.`id` ASC LIMIT 1
  Rendered welcome/index.html.erb within layouts/application (0.0ms)
Completed 200 OK in 25ms (Views: 23.4ms | ActiveRecord: 0.3ms)


Started GET "/" for 127.0.0.1 at 2015-04-11 17:45:16 +0200
Processing by WelcomeController#index as HTML
  [1m[36mUser Load (0.3ms)[0m  [1mSELECT  `users`.* FROM `users` WHERE `users`.`id` = 1  ORDER BY `users`.`id` ASC LIMIT 1[0m
  Rendered welcome/index.html.erb within layouts/application (0.0ms)
Completed 200 OK in 22ms (Views: 20.6ms | ActiveRecord: 0.3ms)


Started DELETE "/users/sign_out" for 127.0.0.1 at 2015-04-11 17:45:19 +0200
Processing by Devise::SessionsController#destroy as HTML
  Parameters: {"authenticity_token"=>"KPI4+33cHjS5IV4xKTWiRF00Wi17waNRrZGjrv0Nr2wDTzGn/UgM8ZZjnBJ4wDxUOpuqgNlw9VEYQKQgW0/jlg=="}
  [1m[35mUser Load (0.3ms)[0m  SELECT  `users`.* FROM `users` WHERE `users`.`id` = 1  ORDER BY `users`.`id` ASC LIMIT 1
  [1m[36m (0.1ms)[0m  [1mBEGIN[0m
  [1m[35m (0.1ms)[0m  COMMIT
Redirected to http://localhost:3000/
Completed 302 Found in 5ms (ActiveRecord: 0.6ms)


Started GET "/" for 127.0.0.1 at 2015-04-11 17:45:19 +0200
Processing by WelcomeController#index as HTML
Completed 401 Unauthorized in 0ms


Started GET "/users/sign_in" for 127.0.0.1 at 2015-04-11 17:45:19 +0200
Processing by Devise::SessionsController#new as HTML
  Rendered /home/dominic/.rvm/gems/ruby-2.2.1/gems/devise-3.4.1/app/views/devise/shared/_links.html.erb (7.1ms)
  Rendered /home/dominic/.rvm/gems/ruby-2.2.1/gems/devise-3.4.1/app/views/devise/sessions/new.html.erb within layouts/application (40.7ms)
Completed 200 OK in 71ms (Views: 70.1ms | ActiveRecord: 0.0ms)


Started GET "/" for 127.0.0.1 at 2015-04-11 17:45:28 +0200
Processing by WelcomeController#index as HTML
Completed 401 Unauthorized in 1ms


Started GET "/users/sign_in" for 127.0.0.1 at 2015-04-11 17:45:28 +0200
Processing by Devise::SessionsController#new as HTML
  Rendered /home/dominic/.rvm/gems/ruby-2.2.1/gems/devise-3.4.1/app/views/devise/shared/_links.html.erb (4.4ms)
  Rendered /home/dominic/.rvm/gems/ruby-2.2.1/gems/devise-3.4.1/app/views/devise/sessions/new.html.erb within layouts/application (9.5ms)
Completed 200 OK in 31ms (Views: 30.2ms | ActiveRecord: 0.0ms)


Started GET "/" for 127.0.0.1 at 2015-04-11 17:46:55 +0200
Processing by WelcomeController#index as HTML
Completed 401 Unauthorized in 1ms


Started GET "/users/sign_in" for 127.0.0.1 at 2015-04-11 17:46:55 +0200
Processing by Devise::SessionsController#new as HTML
  Rendered /home/dominic/.rvm/gems/ruby-2.2.1/gems/devise-3.4.1/app/views/devise/shared/_links.html.erb (3.0ms)
  Rendered /home/dominic/.rvm/gems/ruby-2.2.1/gems/devise-3.4.1/app/views/devise/sessions/new.html.erb within layouts/application (7.7ms)
Completed 200 OK in 35ms (Views: 34.7ms | ActiveRecord: 0.0ms)


Started GET "/" for 127.0.0.1 at 2015-04-11 17:48:04 +0200
Processing by WelcomeController#index as HTML
Completed 401 Unauthorized in 0ms


Started GET "/users/sign_in" for 127.0.0.1 at 2015-04-11 17:48:04 +0200
Processing by Devise::SessionsController#new as HTML
  Rendered /home/dominic/.rvm/gems/ruby-2.2.1/gems/devise-3.4.1/app/views/devise/shared/_links.html.erb (2.2ms)
  Rendered /home/dominic/.rvm/gems/ruby-2.2.1/gems/devise-3.4.1/app/views/devise/sessions/new.html.erb within layouts/application (5.5ms)
Completed 200 OK in 29ms (Views: 27.9ms | ActiveRecord: 0.0ms)


Started POST "/users/sign_in" for 127.0.0.1 at 2015-04-11 22:20:05 +0200
Processing by Devise::SessionsController#create as HTML
  Parameters: {"utf8"=>"✓", "authenticity_token"=>"1ZuBkhFU1Q02TbHvJxKnrFJQDBNoK3WxHkNtBfJ8hIc352NLeAmrLAQQjhcMyIcUOWExr5Zjt8iFz/K0eielLA==", "user"=>{"email"=>"dr@service.de", "password"=>"[FILTERED]", "remember_me"=>"0"}, "commit"=>"Log in"}
  [1m[36mUser Load (0.5ms)[0m  [1mSELECT  `users`.* FROM `users` WHERE `users`.`email` = 'dr@service.de'  ORDER BY `users`.`id` ASC LIMIT 1[0m
  [1m[35m (0.2ms)[0m  BEGIN
  [1m[36mSQL (0.3ms)[0m  [1mUPDATE `users` SET `current_sign_in_at` = '2015-04-11 20:20:05.267885', `sign_in_count` = 2, `updated_at` = '2015-04-11 20:20:05.268893' WHERE `users`.`id` = 1[0m
  [1m[35m (2.3ms)[0m  COMMIT
Redirected to http://localhost:3000/
Completed 302 Found in 75ms (ActiveRecord: 4.4ms)


Started GET "/" for 127.0.0.1 at 2015-04-11 22:20:05 +0200
Processing by WelcomeController#index as HTML
  [1m[36mUser Load (0.3ms)[0m  [1mSELECT  `users`.* FROM `users` WHERE `users`.`id` = 1  ORDER BY `users`.`id` ASC LIMIT 1[0m
  Rendered welcome/index.html.erb within layouts/application (0.0ms)
Completed 200 OK in 116ms (Views: 115.5ms | ActiveRecord: 0.3ms)


Started GET "/assets/events-64e62ddc273c2f5847f30d698ca14b67.css?body=1" for 127.0.0.1 at 2015-04-11 22:20:05 +0200


Started GET "/assets/application-d5dd9df895e734baa4e6c45e5b5415a9.js?body=1" for 127.0.0.1 at 2015-04-11 22:20:05 +0200


Started GET "/assets/events-fcec5b5a277ac7c20cc9f45a209a3bcd.js?body=1" for 127.0.0.1 at 2015-04-11 22:20:05 +0200


Started GET "/events/new" for 127.0.0.1 at 2015-04-11 22:20:10 +0200
Processing by EventsController#new as HTML
  [1m[35mUser Load (0.3ms)[0m  SELECT  `users`.* FROM `users` WHERE `users`.`id` = 1  ORDER BY `users`.`id` ASC LIMIT 1
  Rendered events/new.html.erb within layouts/application (0.3ms)
Completed 200 OK in 33ms (Views: 31.5ms | ActiveRecord: 0.3ms)


Started GET "/events/new" for 127.0.0.1 at 2015-04-11 22:20:22 +0200
Processing by EventsController#new as HTML
  [1m[36mUser Load (0.2ms)[0m  [1mSELECT  `users`.* FROM `users` WHERE `users`.`id` = 1  ORDER BY `users`.`id` ASC LIMIT 1[0m
  Rendered events/new.html.erb within layouts/application (0.2ms)
Completed 200 OK in 27ms (Views: 26.2ms | ActiveRecord: 0.2ms)


Started GET "/events/new" for 127.0.0.1 at 2015-04-11 22:20:33 +0200
Processing by EventsController#new as HTML
  [1m[35mUser Load (0.3ms)[0m  SELECT  `users`.* FROM `users` WHERE `users`.`id` = 1  ORDER BY `users`.`id` ASC LIMIT 1
  Rendered events/new.html.erb within layouts/application (0.0ms)
Completed 200 OK in 32ms (Views: 30.6ms | ActiveRecord: 0.3ms)


Started GET "/events/new" for 127.0.0.1 at 2015-04-11 22:27:27 +0200
Processing by EventsController#new as HTML
  [1m[36mUser Load (1.6ms)[0m  [1mSELECT  `users`.* FROM `users` WHERE `users`.`id` = 1  ORDER BY `users`.`id` ASC LIMIT 1[0m
  Rendered events/new.html.erb within layouts/application (18.9ms)
Completed 200 OK in 60ms (Views: 47.8ms | ActiveRecord: 4.0ms)


Started POST "/events" for 127.0.0.1 at 2015-04-11 22:27:34 +0200
Processing by EventsController#create as HTML
  Parameters: {"utf8"=>"✓", "authenticity_token"=>"DONfKyu9gsFseRXIO3wHvTwyYEd32pPqii0gHn5OYtcII235Bjl2Uqfw44lyS1PlZAnrrxvHKgn06clWAikBjw==", "event"=>{"title"=>"Event1", "text"=>"Test123"}, "commit"=>"Save Event"}
  [1m[35mUser Load (0.3ms)[0m  SELECT  `users`.* FROM `users` WHERE `users`.`id` = 1  ORDER BY `users`.`id` ASC LIMIT 1
  Rendered text template (0.0ms)
Completed 200 OK in 2ms (Views: 1.0ms | ActiveRecord: 0.3ms)
  [1m[36m (7.3ms)[0m  [1mCREATE TABLE `schema_migrations` (`version` varchar(255) NOT NULL) ENGINE=InnoDB[0m
  [1m[35m (12.4ms)[0m  CREATE UNIQUE INDEX `unique_schema_migrations`  ON `schema_migrations` (`version`) 
  [1m[36mActiveRecord::SchemaMigration Load (0.2ms)[0m  [1mSELECT `schema_migrations`.* FROM `schema_migrations`[0m
Migrating to DeviseCreateUsers (20150411153126)
DEPRECATION WARNING: `#timestamp` was called without specifying an option for `null`. In Rails 5, this behavior will change to `null: false`. You should manually specify `null: true` to prevent the behavior of your existing migrations from changing. (called from block in change at /home/dominic/git/E-Services/db/migrate/20150411153126_devise_create_users.rb:34)
  [1m[35m (7.8ms)[0m  CREATE TABLE `users` (`id` int(11) auto_increment PRIMARY KEY, `email` varchar(255) DEFAULT '' NOT NULL, `encrypted_password` varchar(255) DEFAULT '' NOT NULL, `reset_password_token` varchar(255), `reset_password_sent_at` datetime, `remember_created_at` datetime, `sign_in_count` int(11) DEFAULT 0 NOT NULL, `current_sign_in_at` datetime, `last_sign_in_at` datetime, `current_sign_in_ip` varchar(255), `last_sign_in_ip` varchar(255), `created_at` datetime, `updated_at` datetime) ENGINE=InnoDB
  [1m[36m (14.8ms)[0m  [1mCREATE UNIQUE INDEX `index_users_on_email`  ON `users` (`email`) [0m
  [1m[35m (143.6ms)[0m  CREATE UNIQUE INDEX `index_users_on_reset_password_token`  ON `users` (`reset_password_token`) 
  [1m[36m (1.1ms)[0m  [1mBEGIN[0m
  [1m[35mSQL (8.8ms)[0m  INSERT INTO `schema_migrations` (`version`) VALUES ('20150411153126')
  [1m[36m (1.1ms)[0m  [1mCOMMIT[0m
  [1m[35mActiveRecord::SchemaMigration Load (0.4ms)[0m  SELECT `schema_migrations`.* FROM `schema_migrations`
  [1m[36m (0.2ms)[0m  [1mSELECT fk.referenced_table_name as 'to_table'
      ,fk.referenced_column_name as 'primary_key'
      ,fk.column_name as 'column'
      ,fk.constraint_name as 'name'
FROM information_schema.key_column_usage fk
WHERE fk.referenced_column_name is not null
  AND fk.table_schema = 'e-services_development'
  AND fk.table_name = 'users'
[0m
  [1m[35m (0.1ms)[0m  SHOW CREATE TABLE `users`


Started GET "/" for 127.0.0.1 at 2015-04-17 21:37:39 +0200
  [1m[36mActiveRecord::SchemaMigration Load (0.1ms)[0m  [1mSELECT `schema_migrations`.* FROM `schema_migrations`[0m
Processing by WelcomeController#index as HTML
Completed 401 Unauthorized in 22ms


Started GET "/users/sign_in" for 127.0.0.1 at 2015-04-17 21:37:39 +0200
Processing by Devise::SessionsController#new as HTML
  Rendered /home/dominic/.rvm/gems/ruby-2.2.1/gems/devise-3.4.1/app/views/devise/shared/_links.html.erb (8.2ms)
  Rendered /home/dominic/.rvm/gems/ruby-2.2.1/gems/devise-3.4.1/app/views/devise/sessions/new.html.erb within layouts/application (28.7ms)
Completed 200 OK in 131ms (Views: 121.5ms | ActiveRecord: 0.7ms)


Started GET "/assets/events-64e62ddc273c2f5847f30d698ca14b67.css?body=1" for 127.0.0.1 at 2015-04-17 21:37:40 +0200


Started GET "/assets/turbolinks-f87b3583ca50adb0488b031297f5580d.js?body=1" for 127.0.0.1 at 2015-04-17 21:37:40 +0200


Started GET "/assets/jquery_ujs-e27bd20a10d28155845a22d71ef94f2f.js?body=1" for 127.0.0.1 at 2015-04-17 21:37:40 +0200


Started GET "/assets/jquery-87424c3c19e96d4fb033c10ebe21ec40.js?body=1" for 127.0.0.1 at 2015-04-17 21:37:40 +0200


Started GET "/assets/application-5266d2988799ecc8fe6e81eaab412e7d.css?body=1" for 127.0.0.1 at 2015-04-17 21:37:40 +0200


Started GET "/assets/welcome-64e62ddc273c2f5847f30d698ca14b67.css?body=1" for 127.0.0.1 at 2015-04-17 21:37:40 +0200


Started GET "/assets/events-fcec5b5a277ac7c20cc9f45a209a3bcd.js?body=1" for 127.0.0.1 at 2015-04-17 21:37:40 +0200


Started GET "/assets/application-d5dd9df895e734baa4e6c45e5b5415a9.js?body=1" for 127.0.0.1 at 2015-04-17 21:37:40 +0200


Started GET "/assets/welcome-fcec5b5a277ac7c20cc9f45a209a3bcd.js?body=1" for 127.0.0.1 at 2015-04-17 21:37:40 +0200


Started GET "/users/sign_up" for 127.0.0.1 at 2015-04-17 21:37:43 +0200
Processing by Devise::RegistrationsController#new as HTML
  Rendered /home/dominic/.rvm/gems/ruby-2.2.1/gems/devise-3.4.1/app/views/devise/shared/_links.html.erb (1.8ms)
  Rendered /home/dominic/.rvm/gems/ruby-2.2.1/gems/devise-3.4.1/app/views/devise/registrations/new.html.erb within layouts/application (6.5ms)
Completed 200 OK in 40ms (Views: 39.5ms | ActiveRecord: 0.0ms)


Started POST "/users" for 127.0.0.1 at 2015-04-17 21:38:06 +0200
Processing by Devise::RegistrationsController#create as HTML
  Parameters: {"utf8"=>"✓", "authenticity_token"=>"bsPi9qEyOBkyMvNN0A1/jw2kevyXnheFbxzkeeObhVWIdrws57X2ENr13SqIsAGwkxbWpnSZTtMUp1EI3dvWsw==", "user"=>{"email"=>"dr@mail.com", "password"=>"[FILTERED]", "password_confirmation"=>"[FILTERED]"}, "commit"=>"Sign up"}
  [1m[35m (0.3ms)[0m  BEGIN
  [1m[36mUser Exists (4.6ms)[0m  [1mSELECT  1 AS one FROM `users` WHERE `users`.`email` = BINARY 'dr@mail.com' LIMIT 1[0m
  [1m[35mSQL (0.3ms)[0m  INSERT INTO `users` (`email`, `encrypted_password`, `created_at`, `updated_at`) VALUES ('dr@mail.com', '$2a$10$TqJOpSsV7Qw8yLKuSvHk..bOdso0NJKWbLyAMFyxXH3S0nQl3HCIe', '2015-04-17 19:38:06.332015', '2015-04-17 19:38:06.332015')
  [1m[36m (32.5ms)[0m  [1mCOMMIT[0m
  [1m[35m (0.2ms)[0m  BEGIN
  [1m[36mSQL (0.5ms)[0m  [1mUPDATE `users` SET `last_sign_in_at` = '2015-04-17 19:38:06.366647', `current_sign_in_at` = '2015-04-17 19:38:06.366647', `last_sign_in_ip` = '127.0.0.1', `current_sign_in_ip` = '127.0.0.1', `sign_in_count` = 1, `updated_at` = '2015-04-17 19:38:06.367670' WHERE `users`.`id` = 1[0m
  [1m[35m (2.3ms)[0m  COMMIT
Redirected to http://localhost:3000/
Completed 302 Found in 121ms (ActiveRecord: 40.6ms)


Started GET "/" for 127.0.0.1 at 2015-04-17 21:38:06 +0200
Processing by WelcomeController#index as HTML
  [1m[36mUser Load (0.3ms)[0m  [1mSELECT  `users`.* FROM `users` WHERE `users`.`id` = 1  ORDER BY `users`.`id` ASC LIMIT 1[0m
  Rendered welcome/index.html.erb within layouts/application (0.3ms)
Completed 200 OK in 35ms (Views: 32.9ms | ActiveRecord: 0.3ms)


Started DELETE "/users/sign_out" for 127.0.0.1 at 2015-04-17 21:38:10 +0200
Processing by Devise::SessionsController#destroy as HTML
  Parameters: {"authenticity_token"=>"Abz6qxh303oHUbjElwKb03kLdZbiFzKBpURQO2D0LfznCaRxXvAdc++WlqPPv+Xs57nZzAEQa9fe/+VKXrR+Gg=="}
  [1m[35mUser Load (0.5ms)[0m  SELECT  `users`.* FROM `users` WHERE `users`.`id` = 1  ORDER BY `users`.`id` ASC LIMIT 1
  [1m[36m (0.2ms)[0m  [1mBEGIN[0m
  [1m[35m (0.2ms)[0m  COMMIT
Redirected to http://localhost:3000/
Completed 302 Found in 4ms (ActiveRecord: 0.9ms)


Started GET "/" for 127.0.0.1 at 2015-04-17 21:38:10 +0200
Processing by WelcomeController#index as HTML
Completed 401 Unauthorized in 0ms


Started GET "/users/sign_in" for 127.0.0.1 at 2015-04-17 21:38:10 +0200
Processing by Devise::SessionsController#new as HTML
  Rendered /home/dominic/.rvm/gems/ruby-2.2.1/gems/devise-3.4.1/app/views/devise/shared/_links.html.erb (2.3ms)
  Rendered /home/dominic/.rvm/gems/ruby-2.2.1/gems/devise-3.4.1/app/views/devise/sessions/new.html.erb within layouts/application (6.0ms)
Completed 200 OK in 41ms (Views: 39.6ms | ActiveRecord: 0.0ms)


Started GET "/events/new" for 127.0.0.1 at 2015-04-17 22:39:31 +0200
Processing by EventsController#new as HTML
Completed 401 Unauthorized in 0ms


Started GET "/users/sign_in" for 127.0.0.1 at 2015-04-17 22:39:31 +0200
Processing by Devise::SessionsController#new as HTML
  Rendered /home/dominic/.rvm/gems/ruby-2.2.1/gems/devise-3.4.1/app/views/devise/shared/_links.html.erb (2.8ms)
  Rendered /home/dominic/.rvm/gems/ruby-2.2.1/gems/devise-3.4.1/app/views/devise/sessions/new.html.erb within layouts/application (7.9ms)
Completed 200 OK in 38ms (Views: 37.2ms | ActiveRecord: 0.0ms)


Started POST "/users/sign_in" for 127.0.0.1 at 2015-04-17 22:39:38 +0200
Processing by Devise::SessionsController#create as HTML
  Parameters: {"utf8"=>"✓", "authenticity_token"=>"URYMRz+ZoIukNO2hbTFd42x6OjBxO5vXvn6GwYX6vl9V0B+SnIhNBcB5k2FyyOD/Ronn1ICZAf69GnGbweY6aQ==", "user"=>{"email"=>"dr@mail.com", "password"=>"[FILTERED]", "remember_me"=>"0"}, "commit"=>"Log in"}
  [1m[36mUser Load (0.4ms)[0m  [1mSELECT  `users`.* FROM `users` WHERE `users`.`email` = 'dr@mail.com'  ORDER BY `users`.`id` ASC LIMIT 1[0m
  [1m[35m (0.2ms)[0m  BEGIN
  [1m[36mSQL (0.3ms)[0m  [1mUPDATE `users` SET `current_sign_in_at` = '2015-04-17 20:39:38.653829', `sign_in_count` = 2, `updated_at` = '2015-04-17 20:39:38.654945' WHERE `users`.`id` = 1[0m
  [1m[35m (2.0ms)[0m  COMMIT
Redirected to http://localhost:3000/events/new
Completed 302 Found in 84ms (ActiveRecord: 2.9ms)


Started GET "/events/new" for 127.0.0.1 at 2015-04-17 22:39:38 +0200
Processing by EventsController#new as HTML
  [1m[36mUser Load (0.3ms)[0m  [1mSELECT  `users`.* FROM `users` WHERE `users`.`id` = 1  ORDER BY `users`.`id` ASC LIMIT 1[0m
  Rendered events/new.html.erb within layouts/application (18.8ms)
Completed 200 OK in 54ms (Views: 52.9ms | ActiveRecord: 0.3ms)


Started POST "/events" for 127.0.0.1 at 2015-04-17 22:39:57 +0200
Processing by EventsController#create as HTML
  Parameters: {"utf8"=>"✓", "authenticity_token"=>"xHIQ2aZyfGKN7/J+p83VDRIAHStamqQr5jyqqH/HqsekaylcxYM3wtoBnOGJCA+aEOop0pm4zDgOOKiJWVHmiw==", "event"=>{"title"=>"Event1", "text"=>"Test Event 1"}, "commit"=>"Save Event"}
  [1m[35mUser Load (0.5ms)[0m  SELECT  `users`.* FROM `users` WHERE `users`.`id` = 1  ORDER BY `users`.`id` ASC LIMIT 1
  Rendered text template (0.0ms)
Completed 200 OK in 3ms (Views: 1.4ms | ActiveRecord: 0.5ms)


Started GET "/" for 127.0.0.1 at 2015-04-17 22:50:17 +0200
  [1m[36mActiveRecord::SchemaMigration Load (0.3ms)[0m  [1mSELECT `schema_migrations`.* FROM `schema_migrations`[0m

ActiveRecord::PendingMigrationError (

Migrations are pending. To resolve this issue, run:

	bin/rake db:migrate RAILS_ENV=development

):
  activerecord (4.2.0) lib/active_record/migration.rb:393:in `check_pending!'
  activerecord (4.2.0) lib/active_record/migration.rb:374:in `call'
  actionpack (4.2.0) lib/action_dispatch/middleware/callbacks.rb:29:in `block in call'
  activesupport (4.2.0) lib/active_support/callbacks.rb:88:in `call'
  activesupport (4.2.0) lib/active_support/callbacks.rb:88:in `_run_callbacks'
  activesupport (4.2.0) lib/active_support/callbacks.rb:734:in `_run_call_callbacks'
  activesupport (4.2.0) lib/active_support/callbacks.rb:81:in `run_callbacks'
  actionpack (4.2.0) lib/action_dispatch/middleware/callbacks.rb:27:in `call'
  actionpack (4.2.0) lib/action_dispatch/middleware/reloader.rb:73:in `call'
  actionpack (4.2.0) lib/action_dispatch/middleware/remote_ip.rb:78:in `call'
  actionpack (4.2.0) lib/action_dispatch/middleware/debug_exceptions.rb:17:in `call'
  web-console (2.1.2) lib/web_console/middleware.rb:37:in `call'
  actionpack (4.2.0) lib/action_dispatch/middleware/show_exceptions.rb:30:in `call'
  railties (4.2.0) lib/rails/rack/logger.rb:38:in `call_app'
  railties (4.2.0) lib/rails/rack/logger.rb:20:in `block in call'
  activesupport (4.2.0) lib/active_support/tagged_logging.rb:68:in `block in tagged'
  activesupport (4.2.0) lib/active_support/tagged_logging.rb:26:in `tagged'
  activesupport (4.2.0) lib/active_support/tagged_logging.rb:68:in `tagged'
  railties (4.2.0) lib/rails/rack/logger.rb:20:in `call'
  actionpack (4.2.0) lib/action_dispatch/middleware/request_id.rb:21:in `call'
  rack (1.6.0) lib/rack/methodoverride.rb:22:in `call'
  rack (1.6.0) lib/rack/runtime.rb:18:in `call'
  activesupport (4.2.0) lib/active_support/cache/strategy/local_cache_middleware.rb:28:in `call'
  rack (1.6.0) lib/rack/lock.rb:17:in `call'
  actionpack (4.2.0) lib/action_dispatch/middleware/static.rb:113:in `call'
  rack (1.6.0) lib/rack/sendfile.rb:113:in `call'
  railties (4.2.0) lib/rails/engine.rb:518:in `call'
  railties (4.2.0) lib/rails/application.rb:164:in `call'
  rack (1.6.0) lib/rack/lock.rb:17:in `call'
  rack (1.6.0) lib/rack/content_length.rb:15:in `call'
  rack (1.6.0) lib/rack/handler/webrick.rb:89:in `service'
  /home/dominic/.rvm/rubies/ruby-2.2.1/lib/ruby/2.2.0/webrick/httpserver.rb:138:in `service'
  /home/dominic/.rvm/rubies/ruby-2.2.1/lib/ruby/2.2.0/webrick/httpserver.rb:94:in `run'
  /home/dominic/.rvm/rubies/ruby-2.2.1/lib/ruby/2.2.0/webrick/server.rb:294:in `block in start_thread'


  Rendered /home/dominic/.rvm/gems/ruby-2.2.1/gems/actionpack-4.2.0/lib/action_dispatch/middleware/templates/rescues/_source.erb (2.3ms)
  Rendered /home/dominic/.rvm/gems/ruby-2.2.1/gems/actionpack-4.2.0/lib/action_dispatch/middleware/templates/rescues/_trace.html.erb (1.5ms)
  Rendered /home/dominic/.rvm/gems/ruby-2.2.1/gems/actionpack-4.2.0/lib/action_dispatch/middleware/templates/rescues/_request_and_response.html.erb (1.0ms)
  Rendered /home/dominic/.rvm/gems/ruby-2.2.1/gems/actionpack-4.2.0/lib/action_dispatch/middleware/templates/rescues/diagnostics.html.erb within rescues/layout (29.9ms)
  Rendered /home/dominic/.rvm/gems/ruby-2.2.1/gems/web-console-2.1.2/lib/web_console/templates/_markup.html.erb (0.1ms)
  Rendered /home/dominic/.rvm/gems/ruby-2.2.1/gems/web-console-2.1.2/lib/web_console/templates/style.css.erb within layouts/inlined_string (0.3ms)
  Rendered /home/dominic/.rvm/gems/ruby-2.2.1/gems/web-console-2.1.2/lib/web_console/templates/_inner_console_markup.html.erb within layouts/inlined_string (0.5ms)
  Rendered /home/dominic/.rvm/gems/ruby-2.2.1/gems/web-console-2.1.2/lib/web_console/templates/_prompt_box_markup.html.erb within layouts/inlined_string (0.3ms)
  Rendered /home/dominic/.rvm/gems/ruby-2.2.1/gems/web-console-2.1.2/lib/web_console/templates/console.js.erb within layouts/javascript (14.9ms)
  Rendered /home/dominic/.rvm/gems/ruby-2.2.1/gems/web-console-2.1.2/lib/web_console/templates/main.js.erb within layouts/javascript (0.5ms)
  Rendered /home/dominic/.rvm/gems/ruby-2.2.1/gems/web-console-2.1.2/lib/web_console/templates/error_page.js.erb within layouts/javascript (0.5ms)
  Rendered /home/dominic/.rvm/gems/ruby-2.2.1/gems/web-console-2.1.2/lib/web_console/templates/index.html.erb (33.6ms)
  [1m[36mActiveRecord::SchemaMigration Load (0.3ms)[0m  [1mSELECT `schema_migrations`.* FROM `schema_migrations`[0m
Migrating to CreateEvents (20150417205010)
  [1m[35m (10.5ms)[0m  CREATE TABLE `events` (`id` int(11) auto_increment PRIMARY KEY, `title` varchar(255), `description` text, `created_at` datetime NOT NULL, `updated_at` datetime NOT NULL) ENGINE=InnoDB
  [1m[36m (0.6ms)[0m  [1mBEGIN[0m
  [1m[35mSQL (0.8ms)[0m  INSERT INTO `schema_migrations` (`version`) VALUES ('20150417205010')
  [1m[36m (4.6ms)[0m  [1mCOMMIT[0m
  [1m[35mActiveRecord::SchemaMigration Load (0.3ms)[0m  SELECT `schema_migrations`.* FROM `schema_migrations`
  [1m[36m (0.3ms)[0m  [1mSELECT fk.referenced_table_name as 'to_table'
      ,fk.referenced_column_name as 'primary_key'
      ,fk.column_name as 'column'
      ,fk.constraint_name as 'name'
FROM information_schema.key_column_usage fk
WHERE fk.referenced_column_name is not null
  AND fk.table_schema = 'e-services_development'
  AND fk.table_name = 'events'
[0m
  [1m[35m (0.2ms)[0m  SHOW CREATE TABLE `events`
  [1m[36m (0.3ms)[0m  [1mSELECT fk.referenced_table_name as 'to_table'
      ,fk.referenced_column_name as 'primary_key'
      ,fk.column_name as 'column'
      ,fk.constraint_name as 'name'
FROM information_schema.key_column_usage fk
WHERE fk.referenced_column_name is not null
  AND fk.table_schema = 'e-services_development'
  AND fk.table_name = 'users'
[0m
  [1m[35m (0.2ms)[0m  SHOW CREATE TABLE `users`


Started GET "/" for 127.0.0.1 at 2015-04-17 23:00:49 +0200
  [1m[35mActiveRecord::SchemaMigration Load (0.2ms)[0m  SELECT `schema_migrations`.* FROM `schema_migrations`
Processing by WelcomeController#index as HTML
Completed 401 Unauthorized in 48ms


Started GET "/users/sign_in" for 127.0.0.1 at 2015-04-17 23:00:49 +0200
Processing by Devise::SessionsController#new as HTML
  Rendered /home/dominic/.rvm/gems/ruby-2.2.1/gems/devise-3.4.1/app/views/devise/shared/_links.html.erb (4.8ms)
  Rendered /home/dominic/.rvm/gems/ruby-2.2.1/gems/devise-3.4.1/app/views/devise/sessions/new.html.erb within layouts/application (59.0ms)
Completed 200 OK in 330ms (Views: 320.9ms | ActiveRecord: 1.0ms)


Started POST "/users/sign_in" for 127.0.0.1 at 2015-04-17 23:00:57 +0200
Processing by Devise::SessionsController#create as HTML
  Parameters: {"utf8"=>"✓", "authenticity_token"=>"opHiZmoxaAHS++21gUQSllhus/b/Px3C9eVThx04wbgnPz/KVrS6lbj5S3v0cAobEksVPrqKsrtjW822T2ZF4w==", "user"=>{"email"=>"dr@mail.com", "password"=>"[FILTERED]", "remember_me"=>"1"}, "commit"=>"Log in"}
  [1m[36mUser Load (0.5ms)[0m  [1mSELECT  `users`.* FROM `users` WHERE `users`.`email` = 'dr@mail.com'  ORDER BY `users`.`id` ASC LIMIT 1[0m
  [1m[35m (0.2ms)[0m  BEGIN
  [1m[36mSQL (0.3ms)[0m  [1mUPDATE `users` SET `remember_created_at` = '2015-04-17 21:00:57.628731', `updated_at` = '2015-04-17 21:00:57.629962' WHERE `users`.`id` = 1[0m
  [1m[35m (2.1ms)[0m  COMMIT
  [1m[36m (0.2ms)[0m  [1mBEGIN[0m
  [1m[35mSQL (0.3ms)[0m  UPDATE `users` SET `last_sign_in_at` = '2015-04-17 20:39:38.000000', `current_sign_in_at` = '2015-04-17 21:00:57.634216', `sign_in_count` = 3, `updated_at` = '2015-04-17 21:00:57.635039' WHERE `users`.`id` = 1
  [1m[36m (1.5ms)[0m  [1mCOMMIT[0m
Redirected to http://localhost:3000/
Completed 302 Found in 230ms (ActiveRecord: 5.0ms)


Started GET "/" for 127.0.0.1 at 2015-04-17 23:00:57 +0200
Processing by WelcomeController#index as HTML
  [1m[35mUser Load (0.3ms)[0m  SELECT  `users`.* FROM `users` WHERE `users`.`id` = 1  ORDER BY `users`.`id` ASC LIMIT 1
  Rendered welcome/index.html.erb within layouts/application (0.2ms)
Completed 200 OK in 33ms (Views: 31.1ms | ActiveRecord: 0.3ms)


Started GET "/events/" for 127.0.0.1 at 2015-04-17 23:01:03 +0200
Processing by EventsController#index as HTML
  [1m[36mUser Load (0.2ms)[0m  [1mSELECT  `users`.* FROM `users` WHERE `users`.`id` = 1  ORDER BY `users`.`id` ASC LIMIT 1[0m
  [1m[35mEvent Load (0.2ms)[0m  SELECT `events`.* FROM `events`
  Rendered events/index.html.erb within layouts/application (1.5ms)
Completed 200 OK in 37ms (Views: 33.9ms | ActiveRecord: 0.7ms)


Started GET "/events/new" for 127.0.0.1 at 2015-04-17 23:01:06 +0200
Processing by EventsController#new as HTML
  [1m[36mUser Load (0.3ms)[0m  [1mSELECT  `users`.* FROM `users` WHERE `users`.`id` = 1  ORDER BY `users`.`id` ASC LIMIT 1[0m
  Rendered events/new.html.erb within layouts/application (13.0ms)
Completed 200 OK in 51ms (Views: 49.6ms | ActiveRecord: 0.3ms)


Started POST "/events" for 127.0.0.1 at 2015-04-17 23:01:17 +0200
Processing by EventsController#create as HTML
  Parameters: {"utf8"=>"✓", "authenticity_token"=>"wdwINHe8TFiqvbBff7YWqLovg4r4mPgWFtufbH22Xf3MdMG8BL0usoplonVh9JWicuZyWo1XfEtgxh546dGmsg==", "event"=>{"title"=>"Event1", "description"=>"Testbeschreibung"}, "commit"=>"Save Event"}
  [1m[35mUser Load (0.4ms)[0m  SELECT  `users`.* FROM `users` WHERE `users`.`id` = 1  ORDER BY `users`.`id` ASC LIMIT 1
  [1m[36m (0.2ms)[0m  [1mBEGIN[0m
  [1m[35mSQL (0.3ms)[0m  INSERT INTO `events` (`title`, `description`, `created_at`, `updated_at`) VALUES ('Event1', 'Testbeschreibung', '2015-04-17 21:01:17.334559', '2015-04-17 21:01:17.334559')
  [1m[36m (2.8ms)[0m  [1mCOMMIT[0m
Redirected to http://localhost:3000/events/1
Completed 302 Found in 11ms (ActiveRecord: 4.1ms)


Started GET "/events/1" for 127.0.0.1 at 2015-04-17 23:01:17 +0200
Processing by EventsController#show as HTML
  Parameters: {"id"=>"1"}
  [1m[35mUser Load (0.3ms)[0m  SELECT  `users`.* FROM `users` WHERE `users`.`id` = 1  ORDER BY `users`.`id` ASC LIMIT 1
  [1m[36mEvent Load (0.4ms)[0m  [1mSELECT  `events`.* FROM `events` WHERE `events`.`id` = 1 LIMIT 1[0m
  Rendered events/show.html.erb within layouts/application (0.4ms)
Completed 200 OK in 51ms (Views: 30.6ms | ActiveRecord: 0.7ms)


Started GET "/events" for 127.0.0.1 at 2015-04-17 23:01:21 +0200
Processing by EventsController#index as HTML
  [1m[35mUser Load (0.2ms)[0m  SELECT  `users`.* FROM `users` WHERE `users`.`id` = 1  ORDER BY `users`.`id` ASC LIMIT 1
  [1m[36mEvent Load (0.2ms)[0m  [1mSELECT `events`.* FROM `events`[0m
  Rendered events/index.html.erb within layouts/application (2.6ms)
Completed 500 Internal Server Error in 5ms

ActionView::Template::Error (undefined method `text' for #<Event:0x00000003f44dd8>):
     9:   <% @events.each do |event| %>
    10:     <tr>
    11:       <td><%= event.title %></td>
    12:       <td><%= event.text %></td>
    13:     </tr>
    14:   <% end %>
    15: </table>
  app/views/events/index.html.erb:12:in `block in _app_views_events_index_html_erb__1803427338987088215_46882080'
  app/views/events/index.html.erb:9:in `_app_views_events_index_html_erb__1803427338987088215_46882080'


  Rendered /home/dominic/.rvm/gems/ruby-2.2.1/gems/actionpack-4.2.0/lib/action_dispatch/middleware/templates/rescues/_source.erb (5.4ms)
  Rendered /home/dominic/.rvm/gems/ruby-2.2.1/gems/actionpack-4.2.0/lib/action_dispatch/middleware/templates/rescues/_trace.html.erb (2.1ms)
  Rendered /home/dominic/.rvm/gems/ruby-2.2.1/gems/actionpack-4.2.0/lib/action_dispatch/middleware/templates/rescues/_request_and_response.html.erb (0.8ms)
  Rendered /home/dominic/.rvm/gems/ruby-2.2.1/gems/actionpack-4.2.0/lib/action_dispatch/middleware/templates/rescues/template_error.html.erb within rescues/layout (17.1ms)
  Rendered /home/dominic/.rvm/gems/ruby-2.2.1/gems/web-console-2.1.2/lib/web_console/templates/_markup.html.erb (0.2ms)
  Rendered /home/dominic/.rvm/gems/ruby-2.2.1/gems/web-console-2.1.2/lib/web_console/templates/style.css.erb within layouts/inlined_string (0.1ms)
  Rendered /home/dominic/.rvm/gems/ruby-2.2.1/gems/web-console-2.1.2/lib/web_console/templates/_inner_console_markup.html.erb within layouts/inlined_string (0.3ms)
  Rendered /home/dominic/.rvm/gems/ruby-2.2.1/gems/web-console-2.1.2/lib/web_console/templates/_prompt_box_markup.html.erb within layouts/inlined_string (0.2ms)
  Rendered /home/dominic/.rvm/gems/ruby-2.2.1/gems/web-console-2.1.2/lib/web_console/templates/console.js.erb within layouts/javascript (10.6ms)
  Rendered /home/dominic/.rvm/gems/ruby-2.2.1/gems/web-console-2.1.2/lib/web_console/templates/main.js.erb within layouts/javascript (0.2ms)
  Rendered /home/dominic/.rvm/gems/ruby-2.2.1/gems/web-console-2.1.2/lib/web_console/templates/error_page.js.erb within layouts/javascript (0.2ms)
  Rendered /home/dominic/.rvm/gems/ruby-2.2.1/gems/web-console-2.1.2/lib/web_console/templates/index.html.erb (19.8ms)


Started GET "/events" for 127.0.0.1 at 2015-04-17 23:01:33 +0200
Processing by EventsController#index as HTML
  [1m[35mUser Load (0.3ms)[0m  SELECT  `users`.* FROM `users` WHERE `users`.`id` = 1  ORDER BY `users`.`id` ASC LIMIT 1
  [1m[36mEvent Load (0.3ms)[0m  [1mSELECT `events`.* FROM `events`[0m
  Rendered events/index.html.erb within layouts/application (0.6ms)
Completed 200 OK in 32ms (Views: 30.4ms | ActiveRecord: 0.5ms)


Started GET "/" for 127.0.0.1 at 2015-04-17 23:02:58 +0200
Processing by WelcomeController#index as HTML
  [1m[35mUser Load (0.2ms)[0m  SELECT  `users`.* FROM `users` WHERE `users`.`id` = 1  ORDER BY `users`.`id` ASC LIMIT 1
  Rendered welcome/index.html.erb within layouts/application (0.8ms)
Completed 200 OK in 39ms (Views: 37.5ms | ActiveRecord: 0.2ms)


Started GET "/events" for 127.0.0.1 at 2015-04-17 23:03:00 +0200
Processing by EventsController#index as HTML
  [1m[36mUser Load (0.3ms)[0m  [1mSELECT  `users`.* FROM `users` WHERE `users`.`id` = 1  ORDER BY `users`.`id` ASC LIMIT 1[0m
  [1m[35mEvent Load (0.3ms)[0m  SELECT `events`.* FROM `events`
  Rendered events/index.html.erb within layouts/application (1.5ms)
Completed 200 OK in 37ms (Views: 35.4ms | ActiveRecord: 0.6ms)


Started GET "/events" for 127.0.0.1 at 2015-04-17 23:18:38 +0200
Processing by EventsController#index as HTML
  [1m[36mUser Load (0.4ms)[0m  [1mSELECT  `users`.* FROM `users` WHERE `users`.`id` = 1  ORDER BY `users`.`id` ASC LIMIT 1[0m
  [1m[35mEvent Load (0.3ms)[0m  SELECT `events`.* FROM `events`
  Rendered events/index.html.erb within layouts/application (3.7ms)
Completed 200 OK in 53ms (Views: 35.3ms | ActiveRecord: 3.8ms)


Started GET "/events/new" for 127.0.0.1 at 2015-04-17 23:18:39 +0200
Processing by EventsController#new as HTML
  [1m[36mUser Load (0.3ms)[0m  [1mSELECT  `users`.* FROM `users` WHERE `users`.`id` = 1  ORDER BY `users`.`id` ASC LIMIT 1[0m
  Rendered events/new.html.erb within layouts/application (2.3ms)
Completed 500 Internal Server Error in 5ms

ActionView::Template::Error (undefined method `errors' for nil:NilClass):
    2: 
    3: <%= form_for :event, url: events_path do |f| %>
    4: 
    5:   <% if @event.errors.any? %>
    6:     <div id="error_explanation">
    7:       <h2>
    8:         <%= pluralize(@event.errors.count, "error") %> prohibited
  app/views/events/new.html.erb:5:in `block in _app_views_events_new_html_erb___3206871610760723061_46883020'
  app/views/events/new.html.erb:3:in `_app_views_events_new_html_erb___3206871610760723061_46883020'


  Rendered /home/dominic/.rvm/gems/ruby-2.2.1/gems/actionpack-4.2.0/lib/action_dispatch/middleware/templates/rescues/_source.erb (4.6ms)
  Rendered /home/dominic/.rvm/gems/ruby-2.2.1/gems/actionpack-4.2.0/lib/action_dispatch/middleware/templates/rescues/_trace.html.erb (5.3ms)
  Rendered /home/dominic/.rvm/gems/ruby-2.2.1/gems/actionpack-4.2.0/lib/action_dispatch/middleware/templates/rescues/_request_and_response.html.erb (0.6ms)
  Rendered /home/dominic/.rvm/gems/ruby-2.2.1/gems/actionpack-4.2.0/lib/action_dispatch/middleware/templates/rescues/template_error.html.erb within rescues/layout (20.2ms)
  Rendered /home/dominic/.rvm/gems/ruby-2.2.1/gems/web-console-2.1.2/lib/web_console/templates/_markup.html.erb (0.2ms)
  Rendered /home/dominic/.rvm/gems/ruby-2.2.1/gems/web-console-2.1.2/lib/web_console/templates/style.css.erb within layouts/inlined_string (0.3ms)
  Rendered /home/dominic/.rvm/gems/ruby-2.2.1/gems/web-console-2.1.2/lib/web_console/templates/_inner_console_markup.html.erb within layouts/inlined_string (0.3ms)
  Rendered /home/dominic/.rvm/gems/ruby-2.2.1/gems/web-console-2.1.2/lib/web_console/templates/_prompt_box_markup.html.erb within layouts/inlined_string (0.1ms)
  Rendered /home/dominic/.rvm/gems/ruby-2.2.1/gems/web-console-2.1.2/lib/web_console/templates/console.js.erb within layouts/javascript (10.4ms)
  Rendered /home/dominic/.rvm/gems/ruby-2.2.1/gems/web-console-2.1.2/lib/web_console/templates/main.js.erb within layouts/javascript (0.2ms)
  Rendered /home/dominic/.rvm/gems/ruby-2.2.1/gems/web-console-2.1.2/lib/web_console/templates/error_page.js.erb within layouts/javascript (0.2ms)
  Rendered /home/dominic/.rvm/gems/ruby-2.2.1/gems/web-console-2.1.2/lib/web_console/templates/index.html.erb (19.9ms)


Started GET "/events/new" for 127.0.0.1 at 2015-04-17 23:18:39 +0200
Processing by EventsController#new as HTML
  [1m[35mUser Load (0.3ms)[0m  SELECT  `users`.* FROM `users` WHERE `users`.`id` = 1  ORDER BY `users`.`id` ASC LIMIT 1
  Rendered events/new.html.erb within layouts/application (1.5ms)
Completed 500 Internal Server Error in 3ms

ActionView::Template::Error (undefined method `errors' for nil:NilClass):
    2: 
    3: <%= form_for :event, url: events_path do |f| %>
    4: 
    5:   <% if @event.errors.any? %>
    6:     <div id="error_explanation">
    7:       <h2>
    8:         <%= pluralize(@event.errors.count, "error") %> prohibited
  app/views/events/new.html.erb:5:in `block in _app_views_events_new_html_erb___3206871610760723061_51987760'
  app/views/events/new.html.erb:3:in `_app_views_events_new_html_erb___3206871610760723061_51987760'


  Rendered /home/dominic/.rvm/gems/ruby-2.2.1/gems/actionpack-4.2.0/lib/action_dispatch/middleware/templates/rescues/_source.erb (4.9ms)
  Rendered /home/dominic/.rvm/gems/ruby-2.2.1/gems/actionpack-4.2.0/lib/action_dispatch/middleware/templates/rescues/_trace.html.erb (1.6ms)
  Rendered /home/dominic/.rvm/gems/ruby-2.2.1/gems/actionpack-4.2.0/lib/action_dispatch/middleware/templates/rescues/_request_and_response.html.erb (0.6ms)
  Rendered /home/dominic/.rvm/gems/ruby-2.2.1/gems/actionpack-4.2.0/lib/action_dispatch/middleware/templates/rescues/template_error.html.erb within rescues/layout (16.1ms)
  Rendered /home/dominic/.rvm/gems/ruby-2.2.1/gems/web-console-2.1.2/lib/web_console/templates/_markup.html.erb (0.2ms)
  Rendered /home/dominic/.rvm/gems/ruby-2.2.1/gems/web-console-2.1.2/lib/web_console/templates/style.css.erb within layouts/inlined_string (0.2ms)
  Rendered /home/dominic/.rvm/gems/ruby-2.2.1/gems/web-console-2.1.2/lib/web_console/templates/_inner_console_markup.html.erb within layouts/inlined_string (0.2ms)
  Rendered /home/dominic/.rvm/gems/ruby-2.2.1/gems/web-console-2.1.2/lib/web_console/templates/_prompt_box_markup.html.erb within layouts/inlined_string (0.2ms)
  Rendered /home/dominic/.rvm/gems/ruby-2.2.1/gems/web-console-2.1.2/lib/web_console/templates/console.js.erb within layouts/javascript (10.4ms)
  Rendered /home/dominic/.rvm/gems/ruby-2.2.1/gems/web-console-2.1.2/lib/web_console/templates/main.js.erb within layouts/javascript (0.2ms)
  Rendered /home/dominic/.rvm/gems/ruby-2.2.1/gems/web-console-2.1.2/lib/web_console/templates/error_page.js.erb within layouts/javascript (0.2ms)
  Rendered /home/dominic/.rvm/gems/ruby-2.2.1/gems/web-console-2.1.2/lib/web_console/templates/index.html.erb (19.3ms)


Started GET "/events/new" for 127.0.0.1 at 2015-04-17 23:19:32 +0200
Processing by EventsController#new as HTML
  [1m[36mUser Load (0.2ms)[0m  [1mSELECT  `users`.* FROM `users` WHERE `users`.`id` = 1  ORDER BY `users`.`id` ASC LIMIT 1[0m
  Rendered events/new.html.erb within layouts/application (0.9ms)
Completed 200 OK in 47ms (Views: 32.2ms | ActiveRecord: 1.3ms)


Started POST "/events" for 127.0.0.1 at 2015-04-17 23:19:36 +0200
Processing by EventsController#create as HTML
  Parameters: {"utf8"=>"✓", "authenticity_token"=>"je+tOXYts6XjIQgMoEPsPb/C5XKuEPkjIN5UhrJhCoGAR2SxBSzRT8P5Gia+AW83dwsUotvffX5Ww9WSJgbxzg==", "event"=>{"title"=>"", "description"=>"lalilu"}, "commit"=>"Save Event"}
  [1m[35mUser Load (0.4ms)[0m  SELECT  `users`.* FROM `users` WHERE `users`.`id` = 1  ORDER BY `users`.`id` ASC LIMIT 1
  [1m[36m (0.2ms)[0m  [1mBEGIN[0m
  [1m[35m (0.3ms)[0m  ROLLBACK
  Rendered events/new.html.erb within layouts/application (1.6ms)
Completed 200 OK in 39ms (Views: 34.9ms | ActiveRecord: 0.9ms)


Started GET "/events" for 127.0.0.1 at 2015-04-17 23:25:32 +0200
Processing by EventsController#index as HTML
  [1m[36mUser Load (0.5ms)[0m  [1mSELECT  `users`.* FROM `users` WHERE `users`.`id` = 1  ORDER BY `users`.`id` ASC LIMIT 1[0m
  [1m[35mEvent Load (0.4ms)[0m  SELECT `events`.* FROM `events`
  Rendered events/index.html.erb within layouts/application (4.5ms)
Completed 200 OK in 79ms (Views: 64.9ms | ActiveRecord: 3.6ms)


Started GET "/events/1" for 127.0.0.1 at 2015-04-17 23:25:35 +0200
Processing by EventsController#show as HTML
  Parameters: {"id"=>"1"}
  [1m[36mUser Load (0.3ms)[0m  [1mSELECT  `users`.* FROM `users` WHERE `users`.`id` = 1  ORDER BY `users`.`id` ASC LIMIT 1[0m
  [1m[35mEvent Load (0.1ms)[0m  SELECT  `events`.* FROM `events` WHERE `events`.`id` = 1 LIMIT 1
  Rendered events/show.html.erb within layouts/application (20.2ms)
Completed 500 Internal Server Error in 23ms

ActionView::Template::Error (undefined local variable or method `articles_path' for #<#<Class:0x00000003fe77e0>:0x000000063ab0a0>):
     8:   <%= @event.description %>
     9: </p>
    10: 
    11: <%= link_to 'Back', articles_path %>
  app/views/events/show.html.erb:11:in `_app_views_events_show_html_erb___2148435261786012744_52468480'


  Rendered /home/dominic/.rvm/gems/ruby-2.2.1/gems/actionpack-4.2.0/lib/action_dispatch/middleware/templates/rescues/_source.erb (3.9ms)
  Rendered /home/dominic/.rvm/gems/ruby-2.2.1/gems/actionpack-4.2.0/lib/action_dispatch/middleware/templates/rescues/_trace.html.erb (1.5ms)
  Rendered /home/dominic/.rvm/gems/ruby-2.2.1/gems/actionpack-4.2.0/lib/action_dispatch/middleware/templates/rescues/_request_and_response.html.erb (0.5ms)
  Rendered /home/dominic/.rvm/gems/ruby-2.2.1/gems/actionpack-4.2.0/lib/action_dispatch/middleware/templates/rescues/template_error.html.erb within rescues/layout (14.0ms)
  Rendered /home/dominic/.rvm/gems/ruby-2.2.1/gems/web-console-2.1.2/lib/web_console/templates/_markup.html.erb (0.2ms)
  Rendered /home/dominic/.rvm/gems/ruby-2.2.1/gems/web-console-2.1.2/lib/web_console/templates/style.css.erb within layouts/inlined_string (0.2ms)
  Rendered /home/dominic/.rvm/gems/ruby-2.2.1/gems/web-console-2.1.2/lib/web_console/templates/_inner_console_markup.html.erb within layouts/inlined_string (0.1ms)
  Rendered /home/dominic/.rvm/gems/ruby-2.2.1/gems/web-console-2.1.2/lib/web_console/templates/_prompt_box_markup.html.erb within layouts/inlined_string (0.1ms)
  Rendered /home/dominic/.rvm/gems/ruby-2.2.1/gems/web-console-2.1.2/lib/web_console/templates/console.js.erb within layouts/javascript (9.9ms)
  Rendered /home/dominic/.rvm/gems/ruby-2.2.1/gems/web-console-2.1.2/lib/web_console/templates/main.js.erb within layouts/javascript (0.1ms)
  Rendered /home/dominic/.rvm/gems/ruby-2.2.1/gems/web-console-2.1.2/lib/web_console/templates/error_page.js.erb within layouts/javascript (0.2ms)
  Rendered /home/dominic/.rvm/gems/ruby-2.2.1/gems/web-console-2.1.2/lib/web_console/templates/index.html.erb (19.0ms)


Started GET "/events/1" for 127.0.0.1 at 2015-04-17 23:25:35 +0200
Processing by EventsController#show as HTML
  Parameters: {"id"=>"1"}
  [1m[36mUser Load (0.4ms)[0m  [1mSELECT  `users`.* FROM `users` WHERE `users`.`id` = 1  ORDER BY `users`.`id` ASC LIMIT 1[0m
  [1m[35mEvent Load (0.2ms)[0m  SELECT  `events`.* FROM `events` WHERE `events`.`id` = 1 LIMIT 1
  Rendered events/show.html.erb within layouts/application (7.4ms)
Completed 500 Internal Server Error in 10ms

ActionView::Template::Error (undefined local variable or method `articles_path' for #<#<Class:0x00000003fe77e0>:0x000000059b08c0>):
     8:   <%= @event.description %>
     9: </p>
    10: 
    11: <%= link_to 'Back', articles_path %>
  app/views/events/show.html.erb:11:in `_app_views_events_show_html_erb___2148435261786012744_46968880'


  Rendered /home/dominic/.rvm/gems/ruby-2.2.1/gems/actionpack-4.2.0/lib/action_dispatch/middleware/templates/rescues/_source.erb (5.7ms)
  Rendered /home/dominic/.rvm/gems/ruby-2.2.1/gems/actionpack-4.2.0/lib/action_dispatch/middleware/templates/rescues/_trace.html.erb (1.8ms)
  Rendered /home/dominic/.rvm/gems/ruby-2.2.1/gems/actionpack-4.2.0/lib/action_dispatch/middleware/templates/rescues/_request_and_response.html.erb (0.6ms)
  Rendered /home/dominic/.rvm/gems/ruby-2.2.1/gems/actionpack-4.2.0/lib/action_dispatch/middleware/templates/rescues/template_error.html.erb within rescues/layout (17.3ms)
  Rendered /home/dominic/.rvm/gems/ruby-2.2.1/gems/web-console-2.1.2/lib/web_console/templates/_markup.html.erb (0.2ms)
  Rendered /home/dominic/.rvm/gems/ruby-2.2.1/gems/web-console-2.1.2/lib/web_console/templates/style.css.erb within layouts/inlined_string (0.3ms)
  Rendered /home/dominic/.rvm/gems/ruby-2.2.1/gems/web-console-2.1.2/lib/web_console/templates/_inner_console_markup.html.erb within layouts/inlined_string (0.2ms)
  Rendered /home/dominic/.rvm/gems/ruby-2.2.1/gems/web-console-2.1.2/lib/web_console/templates/_prompt_box_markup.html.erb within layouts/inlined_string (0.1ms)
  Rendered /home/dominic/.rvm/gems/ruby-2.2.1/gems/web-console-2.1.2/lib/web_console/templates/console.js.erb within layouts/javascript (10.9ms)
  Rendered /home/dominic/.rvm/gems/ruby-2.2.1/gems/web-console-2.1.2/lib/web_console/templates/main.js.erb within layouts/javascript (0.2ms)
  Rendered /home/dominic/.rvm/gems/ruby-2.2.1/gems/web-console-2.1.2/lib/web_console/templates/error_page.js.erb within layouts/javascript (3.7ms)
  Rendered /home/dominic/.rvm/gems/ruby-2.2.1/gems/web-console-2.1.2/lib/web_console/templates/index.html.erb (24.3ms)


Started GET "/events/1" for 127.0.0.1 at 2015-04-17 23:25:47 +0200
Processing by EventsController#show as HTML
  Parameters: {"id"=>"1"}
  [1m[36mUser Load (0.3ms)[0m  [1mSELECT  `users`.* FROM `users` WHERE `users`.`id` = 1  ORDER BY `users`.`id` ASC LIMIT 1[0m
  [1m[35mEvent Load (0.2ms)[0m  SELECT  `events`.* FROM `events` WHERE `events`.`id` = 1 LIMIT 1
  Rendered events/show.html.erb within layouts/application (0.5ms)
Completed 200 OK in 31ms (Views: 29.1ms | ActiveRecord: 0.5ms)


Started GET "/events" for 127.0.0.1 at 2015-04-17 23:25:49 +0200
Processing by EventsController#index as HTML
  [1m[36mUser Load (0.4ms)[0m  [1mSELECT  `users`.* FROM `users` WHERE `users`.`id` = 1  ORDER BY `users`.`id` ASC LIMIT 1[0m
  [1m[35mEvent Load (0.2ms)[0m  SELECT `events`.* FROM `events`
  Rendered events/index.html.erb within layouts/application (1.2ms)
Completed 200 OK in 31ms (Views: 30.2ms | ActiveRecord: 0.6ms)


Started GET "/events/1/edit" for 127.0.0.1 at 2015-04-17 23:25:50 +0200
Processing by EventsController#edit as HTML
  Parameters: {"id"=>"1"}
  [1m[36mUser Load (0.3ms)[0m  [1mSELECT  `users`.* FROM `users` WHERE `users`.`id` = 1  ORDER BY `users`.`id` ASC LIMIT 1[0m
  [1m[35mEvent Load (0.3ms)[0m  SELECT  `events`.* FROM `events` WHERE `events`.`id` = 1 LIMIT 1
  Rendered events/edit.html.erb within layouts/application (1.8ms)
Completed 200 OK in 37ms (Views: 35.4ms | ActiveRecord: 0.6ms)


Started PATCH "/events/1" for 127.0.0.1 at 2015-04-17 23:25:55 +0200
Processing by EventsController#update as HTML
  Parameters: {"utf8"=>"✓", "authenticity_token"=>"1EAsnhWbIqPcpDpDuHEQyNMGqUHfJ5UyMZIqauIl2F/Z6OUWZppASfx8KGmmM5PCG89YkaroEW9Hj6t+dkIjEA==", "event"=>{"title"=>"nt1", "description"=>"Testbeschreibung"}, "commit"=>"Save Event", "id"=>"1"}
  [1m[36mUser Load (0.4ms)[0m  [1mSELECT  `users`.* FROM `users` WHERE `users`.`id` = 1  ORDER BY `users`.`id` ASC LIMIT 1[0m
  [1m[35mEvent Load (0.2ms)[0m  SELECT  `events`.* FROM `events` WHERE `events`.`id` = 1 LIMIT 1
  [1m[36m (0.2ms)[0m  [1mBEGIN[0m
  [1m[35m (0.2ms)[0m  ROLLBACK
  Rendered events/edit.html.erb within layouts/application (1.8ms)
Completed 200 OK in 35ms (Views: 30.8ms | ActiveRecord: 0.9ms)


Started PATCH "/events/1" for 127.0.0.1 at 2015-04-17 23:26:02 +0200
Processing by EventsController#update as HTML
  Parameters: {"utf8"=>"✓", "authenticity_token"=>"vBLt41FB/Eb9B55YWRnbgtGNMcQJQlLKmzWSlDfVOCCxuiRrIkCerN3fjHJHW1iIGUTAFHyN1pftKBOAo7LDbw==", "event"=>{"title"=>"Evenmnnnnt1", "description"=>"Testbeschreibung"}, "commit"=>"Save Event", "id"=>"1"}
  [1m[36mUser Load (0.4ms)[0m  [1mSELECT  `users`.* FROM `users` WHERE `users`.`id` = 1  ORDER BY `users`.`id` ASC LIMIT 1[0m
  [1m[35mEvent Load (0.3ms)[0m  SELECT  `events`.* FROM `events` WHERE `events`.`id` = 1 LIMIT 1
  [1m[36m (0.4ms)[0m  [1mBEGIN[0m
  [1m[35mSQL (0.4ms)[0m  UPDATE `events` SET `title` = 'Evenmnnnnt1', `updated_at` = '2015-04-17 21:26:02.081627' WHERE `events`.`id` = 1
  [1m[36m (2.9ms)[0m  [1mCOMMIT[0m
Redirected to http://localhost:3000/events/1
Completed 302 Found in 8ms (ActiveRecord: 4.5ms)


Started GET "/events/1" for 127.0.0.1 at 2015-04-17 23:26:02 +0200
Processing by EventsController#show as HTML
  Parameters: {"id"=>"1"}
  [1m[35mUser Load (0.4ms)[0m  SELECT  `users`.* FROM `users` WHERE `users`.`id` = 1  ORDER BY `users`.`id` ASC LIMIT 1
  [1m[36mEvent Load (0.4ms)[0m  [1mSELECT  `events`.* FROM `events` WHERE `events`.`id` = 1 LIMIT 1[0m
  Rendered events/show.html.erb within layouts/application (0.1ms)
Completed 200 OK in 37ms (Views: 34.4ms | ActiveRecord: 0.8ms)


Started GET "/events" for 127.0.0.1 at 2015-04-17 23:26:06 +0200
Processing by EventsController#index as HTML
  [1m[35mUser Load (0.4ms)[0m  SELECT  `users`.* FROM `users` WHERE `users`.`id` = 1  ORDER BY `users`.`id` ASC LIMIT 1
  [1m[36mEvent Load (0.3ms)[0m  [1mSELECT `events`.* FROM `events`[0m
  Rendered events/index.html.erb within layouts/application (1.1ms)
Completed 200 OK in 33ms (Views: 30.8ms | ActiveRecord: 0.7ms)
